
  .   ____          _            __ _ _
 /\\ / ___'_ __ _ _(_)_ __  __ _ \ \ \ \
( ( )\___ | '_ | '_| | '_ \/ _` | \ \ \ \
 \\/  ___)| |_)| | | | | || (_| |  ) ) ) )
  '  |____| .__|_| |_|_| |_\__, | / / / /
 =========|_|==============|___/=/_/_/_/

 :: Spring Boot ::                (v3.4.5)

2025-05-16T17:24:40.124+09:00  INFO 26778 --- [apigateway-service] [           main] c.g.a.ApigatewayServiceApplication       : Starting ApigatewayServiceApplication v0.0.1-SNAPSHOT using Java 17.0.15 with PID 26778 (/Users/master/Documents/project/GoormPlay/apigateway-service/build/libs/apigateway-service-0.0.1-SNAPSHOT.jar started by master in /Users/master/Documents/project/GoormPlay)
2025-05-16T17:24:40.125+09:00  INFO 26778 --- [apigateway-service] [           main] c.g.a.ApigatewayServiceApplication       : No active profile set, falling back to 1 default profile: "default"
2025-05-16T17:24:40.540+09:00  INFO 26778 --- [apigateway-service] [           main] o.s.cloud.context.scope.GenericScope     : BeanFactory id=8b453bf5-4a73-31a9-a2a2-4236f12095bd
2025-05-16T17:24:40.739+09:00  INFO 26778 --- [apigateway-service] [           main] ctiveUserDetailsServiceAutoConfiguration : 

Using generated security password: 67e9b331-c876-41de-988d-317a56cd40b8

2025-05-16T17:24:41.031+09:00  INFO 26778 --- [apigateway-service] [           main] o.s.c.g.r.RouteDefinitionRouteLocator    : Loaded RoutePredicateFactory [After]
2025-05-16T17:24:41.031+09:00  INFO 26778 --- [apigateway-service] [           main] o.s.c.g.r.RouteDefinitionRouteLocator    : Loaded RoutePredicateFactory [Before]
2025-05-16T17:24:41.032+09:00  INFO 26778 --- [apigateway-service] [           main] o.s.c.g.r.RouteDefinitionRouteLocator    : Loaded RoutePredicateFactory [Between]
2025-05-16T17:24:41.032+09:00  INFO 26778 --- [apigateway-service] [           main] o.s.c.g.r.RouteDefinitionRouteLocator    : Loaded RoutePredicateFactory [Cookie]
2025-05-16T17:24:41.032+09:00  INFO 26778 --- [apigateway-service] [           main] o.s.c.g.r.RouteDefinitionRouteLocator    : Loaded RoutePredicateFactory [Header]
2025-05-16T17:24:41.032+09:00  INFO 26778 --- [apigateway-service] [           main] o.s.c.g.r.RouteDefinitionRouteLocator    : Loaded RoutePredicateFactory [Host]
2025-05-16T17:24:41.032+09:00  INFO 26778 --- [apigateway-service] [           main] o.s.c.g.r.RouteDefinitionRouteLocator    : Loaded RoutePredicateFactory [Method]
2025-05-16T17:24:41.032+09:00  INFO 26778 --- [apigateway-service] [           main] o.s.c.g.r.RouteDefinitionRouteLocator    : Loaded RoutePredicateFactory [Path]
2025-05-16T17:24:41.032+09:00  INFO 26778 --- [apigateway-service] [           main] o.s.c.g.r.RouteDefinitionRouteLocator    : Loaded RoutePredicateFactory [Query]
2025-05-16T17:24:41.032+09:00  INFO 26778 --- [apigateway-service] [           main] o.s.c.g.r.RouteDefinitionRouteLocator    : Loaded RoutePredicateFactory [ReadBody]
2025-05-16T17:24:41.032+09:00  INFO 26778 --- [apigateway-service] [           main] o.s.c.g.r.RouteDefinitionRouteLocator    : Loaded RoutePredicateFactory [RemoteAddr]
2025-05-16T17:24:41.032+09:00  INFO 26778 --- [apigateway-service] [           main] o.s.c.g.r.RouteDefinitionRouteLocator    : Loaded RoutePredicateFactory [XForwardedRemoteAddr]
2025-05-16T17:24:41.032+09:00  INFO 26778 --- [apigateway-service] [           main] o.s.c.g.r.RouteDefinitionRouteLocator    : Loaded RoutePredicateFactory [Weight]
2025-05-16T17:24:41.032+09:00  INFO 26778 --- [apigateway-service] [           main] o.s.c.g.r.RouteDefinitionRouteLocator    : Loaded RoutePredicateFactory [CloudFoundryRouteService]
2025-05-16T17:24:41.150+09:00  INFO 26778 --- [apigateway-service] [           main] DiscoveryClientOptionalArgsConfiguration : Eureka HTTP Client uses RestTemplate.
2025-05-16T17:24:41.170+09:00  WARN 26778 --- [apigateway-service] [           main] iguration$LoadBalancerCaffeineWarnLogger : Spring Cloud LoadBalancer is currently working with the default cache. While this cache implementation is useful for development and tests, it's recommended to use Caffeine cache in production.You can switch to using Caffeine cache, by adding it and org.springframework.cache.caffeine.CaffeineCacheManager to the classpath.
2025-05-16T17:24:41.189+09:00  INFO 26778 --- [apigateway-service] [           main] o.s.c.n.eureka.InstanceInfoFactory       : Setting initial instance status as: STARTING
2025-05-16T17:24:41.199+09:00  INFO 26778 --- [apigateway-service] [           main] com.netflix.discovery.DiscoveryClient    : Initializing Eureka in region us-east-1
2025-05-16T17:24:41.206+09:00  INFO 26778 --- [apigateway-service] [           main] c.n.d.s.r.aws.ConfigClusterResolver      : Resolving eureka endpoints via configuration
2025-05-16T17:24:41.209+09:00  INFO 26778 --- [apigateway-service] [           main] com.netflix.discovery.DiscoveryClient    : Disable delta property : false
2025-05-16T17:24:41.209+09:00  INFO 26778 --- [apigateway-service] [           main] com.netflix.discovery.DiscoveryClient    : Single vip registry refresh property : null
2025-05-16T17:24:41.209+09:00  INFO 26778 --- [apigateway-service] [           main] com.netflix.discovery.DiscoveryClient    : Force full registry fetch : false
2025-05-16T17:24:41.209+09:00  INFO 26778 --- [apigateway-service] [           main] com.netflix.discovery.DiscoveryClient    : Application is null : false
2025-05-16T17:24:41.209+09:00  INFO 26778 --- [apigateway-service] [           main] com.netflix.discovery.DiscoveryClient    : Registered Applications size is zero : true
2025-05-16T17:24:41.209+09:00  INFO 26778 --- [apigateway-service] [           main] com.netflix.discovery.DiscoveryClient    : Application version is -1: true
2025-05-16T17:24:41.209+09:00  INFO 26778 --- [apigateway-service] [           main] com.netflix.discovery.DiscoveryClient    : Getting all instance registry info from the eureka server
2025-05-16T17:24:41.587+09:00  INFO 26778 --- [apigateway-service] [           main] com.netflix.discovery.DiscoveryClient    : The response status is 200
2025-05-16T17:24:41.587+09:00  INFO 26778 --- [apigateway-service] [           main] com.netflix.discovery.DiscoveryClient    : Starting heartbeat executor: renew interval is: 30
2025-05-16T17:24:41.588+09:00  INFO 26778 --- [apigateway-service] [           main] c.n.discovery.InstanceInfoReplicator     : InstanceInfoReplicator onDemand update allowed rate per min is 4
2025-05-16T17:24:41.588+09:00  INFO 26778 --- [apigateway-service] [           main] com.netflix.discovery.DiscoveryClient    : Discovery Client initialized at timestamp 1747383881588 with initial instances count: 0
2025-05-16T17:24:41.590+09:00  INFO 26778 --- [apigateway-service] [           main] o.s.c.n.e.s.EurekaServiceRegistry        : Registering application APIGATEWAY-SERVICE with eureka with status UP
2025-05-16T17:24:41.590+09:00  INFO 26778 --- [apigateway-service] [           main] com.netflix.discovery.DiscoveryClient    : Saw local status change event StatusChangeEvent [timestamp=1747383881590, current=UP, previous=STARTING]
2025-05-16T17:24:41.592+09:00  INFO 26778 --- [apigateway-service] [foReplicator-%d] com.netflix.discovery.DiscoveryClient    : DiscoveryClient_APIGATEWAY-SERVICE/172.16.24.93:apigateway-service:8080: registering service...
2025-05-16T17:24:41.711+09:00  INFO 26778 --- [apigateway-service] [           main] o.s.b.web.embedded.netty.NettyWebServer  : Netty started on port 8080 (http)
2025-05-16T17:24:41.713+09:00  INFO 26778 --- [apigateway-service] [           main] .s.c.n.e.s.EurekaAutoServiceRegistration : Updating port to 8080
2025-05-16T17:24:41.761+09:00  INFO 26778 --- [apigateway-service] [foReplicator-%d] com.netflix.discovery.DiscoveryClient    : DiscoveryClient_APIGATEWAY-SERVICE/172.16.24.93:apigateway-service:8080 - registration status: 204
2025-05-16T17:24:41.762+09:00  INFO 26778 --- [apigateway-service] [           main] c.g.a.ApigatewayServiceApplication       : Started ApigatewayServiceApplication in 1.841 seconds (process running for 2.071)
2025-05-16T17:25:11.592+09:00  INFO 26778 --- [apigateway-service] [reshExecutor-%d] com.netflix.discovery.DiscoveryClient    : Disable delta property : false
2025-05-16T17:25:11.593+09:00  INFO 26778 --- [apigateway-service] [reshExecutor-%d] com.netflix.discovery.DiscoveryClient    : Single vip registry refresh property : null
2025-05-16T17:25:11.593+09:00  INFO 26778 --- [apigateway-service] [reshExecutor-%d] com.netflix.discovery.DiscoveryClient    : Force full registry fetch : false
2025-05-16T17:25:11.593+09:00  INFO 26778 --- [apigateway-service] [reshExecutor-%d] com.netflix.discovery.DiscoveryClient    : Application is null : false
2025-05-16T17:25:11.593+09:00  INFO 26778 --- [apigateway-service] [reshExecutor-%d] com.netflix.discovery.DiscoveryClient    : Registered Applications size is zero : true
2025-05-16T17:25:11.593+09:00  INFO 26778 --- [apigateway-service] [reshExecutor-%d] com.netflix.discovery.DiscoveryClient    : Application version is -1: false
2025-05-16T17:25:11.593+09:00  INFO 26778 --- [apigateway-service] [reshExecutor-%d] com.netflix.discovery.DiscoveryClient    : Getting all instance registry info from the eureka server
2025-05-16T17:25:11.670+09:00  INFO 26778 --- [apigateway-service] [reshExecutor-%d] com.netflix.discovery.DiscoveryClient    : The response status is 200
2025-05-16T17:29:41.216+09:00  INFO 26778 --- [apigateway-service] [rap-executor-%d] c.n.d.s.r.aws.ConfigClusterResolver      : Resolving eureka endpoints via configuration
2025-05-16T17:34:41.224+09:00  INFO 26778 --- [apigateway-service] [rap-executor-%d] c.n.d.s.r.aws.ConfigClusterResolver      : Resolving eureka endpoints via configuration
